{"level":"error","message":"Faltan campos requeridos","service":"user-service"}
{"level":"error","message":"Faltan campos requeridos","service":"user-service"}
{"level":"error","message":"Error al crear empleado","service":"user-service"}
{"level":"error","message":"Error al crear empleado","service":"user-service"}
{"level":"error","message":"Error al crear empleado","service":"user-service"}
{"level":"error","message":"Error al crear empleado","service":"user-service"}
{"level":"error","message":"Error al crear empleado","service":"user-service"}
{"level":"error","message":"Error al crear empleado","service":"user-service"}
{"level":"error","message":"Error al crear empleado","service":"user-service"}
{"level":"error","message":"Error al crear empleado","service":"user-service"}
{"level":"error","message":"Can't find /tufesa/tufesa on this server","service":"user-service"}
{"level":"error","message":"Can't find /tufesa on this server","service":"user-service"}
{"level":"error","message":"Can't find /tufesa/tufesa on this server","service":"user-service"}
{"level":"error","message":"Can't find /tufesa/tufesa on this server","service":"user-service"}
{"level":"error","message":"Can't find /tufesa/tufesa on this server","service":"user-service"}
{"level":"error","message":"Can't find /tufesa on this server","service":"user-service"}
{"level":"error","message":"Error al crear empleado","service":"user-service"}
{"level":"error","message":"Can't find /tufesa on this server","service":"user-service"}
{"level":"error","message":"Error al crear empleado","service":"user-service"}
{"level":"error","message":"Error al crear empleado","service":"user-service"}
{"level":"error","message":"Error al crear empleado","service":"user-service"}
{"level":"error","message":"Can't find /tufesa/empleados on this server","service":"user-service"}
{"level":"error","message":"Error al crear empleado","service":"user-service"}
{"level":"error","message":"Error al crear empleado","service":"user-service"}
{"level":"error","message":"Error al crear empleado","service":"user-service"}
{"level":"error","message":"Error al crear empleado","service":"user-service"}
{"level":"error","message":"Error al crear empleado","service":"user-service"}
{"level":"error","message":"Error al crear empleado","service":"user-service"}
{"level":"error","message":"Error al crear empleado","service":"user-service"}
{"level":"error","message":"Error al crear empleado","service":"user-service"}
{"level":"error","message":"Error al crear empleado","service":"user-service"}
{"level":"error","message":"Error al crear empleado","service":"user-service"}
{"level":"error","message":"Error al crear empleado","service":"user-service"}
{"level":"error","message":"Error al crear empleado","service":"user-service"}
